<?xml version="1.0" encoding="UTF-8"?>
<!-- Generated by org.testng.reporters.JUnitXMLReporter -->
<testsuite ignored="0" hostname="EricsLaptop" failures="2" tests="2" name="openCartTest" time="16.567" errors="0" timestamp="2023-12-12T16:41:53 CST">
  <testcase classname="testCases.TC_002_LoginTest" name="loginTest" time="10.647">
    <failure type="java.lang.AssertionError" message="expected [true] but found [false]">
      <![CDATA[java.lang.AssertionError: expected [true] but found [false]
at testCases.TC_002_LoginTest.loginTest(TC_002_LoginTest.java:32)
at java.base/java.util.ArrayList.forEach(ArrayList.java:1511)
... Removed 33 stack frames]]>
    </failure>
  </testcase> <!-- loginTest -->
  <testcase classname="testCases.TC_002_LoginTest" name="loginTest" time="10.664">
    <failure type="java.lang.NullPointerException" message="Cannot invoke &amp;quot;org.openqa.selenium.TakesScreenshot.getScreenshotAs(org.openqa.selenium.OutputType)&amp;quot; because &amp;quot;takesScreenshot&amp;quot; is null">
      <![CDATA[java.lang.NullPointerException: Cannot invoke "org.openqa.selenium.TakesScreenshot.getScreenshotAs(org.openqa.selenium.OutputType)" because "takesScreenshot" is null
at testBase.BaseClass.captureScreen(BaseClass.java:88)
at utilities.ExtentReportManager.onTestFailure(ExtentReportManager.java:61)
at java.base/java.util.ArrayList.forEach(ArrayList.java:1511)
... Removed 24 stack frames]]>
    </failure>
  </testcase> <!-- loginTest -->
</testsuite> <!-- openCartTest -->
